<?xml version="1.0" encoding="UTF-8"?>
<!-- Generated by org.testng.reporters.JUnitReportReporter -->
<testsuite hostname="YASHASWINI" failures="0" tests="2" name="testng.Script06" time="0.012" errors="0" timestamp="2024-11-27T12:21:54 IST" skipped="0">
  <testcase classname="testng.Script06" name="TestCase1" time="0.002"/>
  <system-out>
    <![CDATA[Good morning]]>
  </system-out>
  <testcase classname="testng.Script06" name="TestCase1" time="0.010"/>
  <system-out>
    <![CDATA[Good morning]]>
  </system-out>
</testsuite> <!-- testng.Script06 -->
