<?xml version="1.0" encoding="UTF-8"?>
<!-- Generated by org.testng.reporters.JUnitReportReporter -->
<testsuite hostname="YASHASWINI" failures="0" tests="2" name="testng.Script01" time="0.010" errors="0" timestamp="2024-11-26T12:10:57 IST" skipped="0">
  <testcase classname="testng.Script01" name="TestCase1" time="0.001"/>
  <system-out>
    <![CDATA[Good morning]]>
  </system-out>
  <testcase classname="testng.Script01" name="TestCase" time="0.009"/>
  <system-out>
    <![CDATA[Hello]]>
  </system-out>
</testsuite> <!-- testng.Script01 -->
