<?xml version="1.0" encoding="UTF-8"?>
<!-- Generated by org.testng.reporters.JUnitReportReporter -->
<testsuite hostname="YASHASWINI" failures="0" tests="1" name="Basicframework01.Testcase01" time="2.703" errors="0" timestamp="2024-12-02T11:13:44 IST" skipped="0">
  <testcase classname="Basicframework01.Testcase01" name="usn" time="2.703"/>
  <system-out/>
</testsuite> <!-- Basicframework01.Testcase01 -->
