<?xml version="1.0" encoding="UTF-8"?>
<!-- Generated by org.testng.reporters.JUnitReportReporter -->
<testsuite hostname="YASHASWINI" failures="0" tests="4" name="testng.Script03" time="0.018" errors="0" timestamp="2024-11-27T11:52:48 IST" skipped="0">
  <testcase classname="testng.Script03" name="signup" time="0.010"/>
  <system-out/>
  <testcase classname="testng.Script03" name="login" time="0.003"/>
  <system-out/>
  <testcase classname="testng.Script03" name="homepage" time="0.003"/>
  <system-out/>
  <testcase classname="testng.Script03" name="logout" time="0.002"/>
  <system-out/>
</testsuite> <!-- testng.Script03 -->
