<?xml version="1.0" encoding="UTF-8"?>
<!-- Generated by org.testng.reporters.JUnitReportReporter -->
<testsuite hostname="YASHASWINI" failures="0" tests="1" name="BasicFramework.Testcase02" time="1.714" errors="0" timestamp="2024-11-28T12:03:37 IST" skipped="0">
  <testcase classname="BasicFramework.Testcase02" name="psw" time="1.714"/>
  <system-out/>
</testsuite> <!-- BasicFramework.Testcase02 -->
