<?xml version="1.0" encoding="UTF-8"?>
<!-- Generated by org.testng.reporters.JUnitReportReporter -->
<testsuite hostname="YASHASWINI" failures="0" tests="1" name="BasicFramework.Testcase03" time="1.615" errors="0" timestamp="2024-11-28T12:03:37 IST" skipped="0">
  <testcase classname="BasicFramework.Testcase03" name="Title" time="1.615"/>
  <system-out/>
</testsuite> <!-- BasicFramework.Testcase03 -->
