<?xml version="1.0" encoding="UTF-8"?>
<!-- Generated by org.testng.reporters.JUnitReportReporter -->
<testsuite hostname="YASHASWINI" failures="0" tests="4" name="testng.Script04" time="0.012" errors="0" timestamp="2024-11-27T11:53:52 IST" skipped="1">
  <testcase classname="testng.Script04" name="logout" time="0.001"/>
  <system-out/>
  <testcase classname="testng.Script04" name="login" time="0.010"/>
  <system-out/>
  <testcase classname="testng.Script04" name="signup" time="0.001"/>
  <system-out/>
  <testcase classname="testng.Script04" name="homepage">
    <skipped/>
  </testcase> <!-- homepage -->
  <system-out/>
</testsuite> <!-- testng.Script04 -->
