<?xml version="1.0" encoding="UTF-8"?>
<!-- Generated by org.testng.reporters.JUnitReportReporter -->
<testsuite hostname="YASHASWINI" failures="0" tests="4" name="testng.Script02" time="0.016" errors="0" timestamp="2024-11-27T11:49:41 IST" skipped="0">
  <testcase classname="testng.Script02" name="login" time="0.006"/>
  <system-out/>
  <testcase classname="testng.Script02" name="logout" time="0.001"/>
  <system-out/>
  <testcase classname="testng.Script02" name="homepage" time="0.009"/>
  <system-out/>
  <testcase classname="testng.Script02" name="signup" time="0.000"/>
  <system-out/>
</testsuite> <!-- testng.Script02 -->
