<?xml version="1.0" encoding="UTF-8"?>
<!-- Generated by org.testng.reporters.JUnitReportReporter -->
<testsuite hostname="YASHASWINI" failures="0" tests="2" name="ParallelExecution.Testcase01" time="16.485" errors="0" timestamp="2024-12-03T12:09:40 IST" skipped="0">
  <testcase classname="ParallelExecution.Testcase01" name="login" time="4.602"/>
  <system-out/>
  <testcase classname="ParallelExecution.Testcase01" name="login" time="11.883"/>
  <system-out/>
</testsuite> <!-- ParallelExecution.Testcase01 -->
